<?xml version="1.0" encoding="UTF-8"?>
<!-- Generated by org.testng.reporters.JUnitReportReporter -->
<testsuite skipped="0" hostname="DESKTOP-BOL70AN" name="earth.home.test.Login" tests="1" failures="0" timestamp="14 Oct 2018 05:51:58 GMT" time="3.298" errors="0">
  <testcase name="testlogic" time="3.298" classname="earth.home.test.Login"/>
</testsuite> <!-- earth.home.test.Login -->
