<?xml version="1.0" encoding="UTF-8"?>
<!-- Generated by org.testng.reporters.JUnitReportReporter -->
<testsuite skipped="0" hostname="LAPTOP-G8T2QIRH" name="earth.home.test.HomeTest" tests="1" failures="0" timestamp="07 Oct 2018 05:23:55 GMT" time="0.005" errors="0">
  <testcase name="test" time="0.005" classname="earth.home.test.HomeTest"/>
</testsuite> <!-- earth.home.test.HomeTest -->
